<?xml version="1.0" encoding="UTF-8"?>
<coverage generated="1675271165313" clover="3.2.0">
  <project timestamp="1675271165313" name="All files">
    <metrics statements="20" coveredstatements="20" conditionals="10" coveredconditionals="9" methods="4" coveredmethods="4" elements="34" coveredelements="33" complexity="0" loc="20" ncloc="20" packages="1" files="1" classes="1"/>
    <file name="utils.js" path="/home/yandere_sr/frontend-project-46/src/utils.js">
      <metrics statements="20" coveredstatements="20" conditionals="10" coveredconditionals="9" methods="4" coveredmethods="4"/>
      <line num="6" count="1" type="stmt"/>
      <line num="7" count="1" type="stmt"/>
      <line num="9" count="2" type="stmt"/>
      <line num="10" count="2" type="stmt"/>
      <line num="12" count="1" type="stmt"/>
      <line num="13" count="1" type="stmt"/>
      <line num="14" count="1" type="stmt"/>
      <line num="16" count="1" type="stmt"/>
      <line num="20" count="1" type="stmt"/>
      <line num="22" count="1" type="stmt"/>
      <line num="24" count="1" type="stmt"/>
      <line num="25" count="5" type="cond" truecount="2" falsecount="0"/>
      <line num="26" count="1" type="stmt"/>
      <line num="27" count="4" type="cond" truecount="2" falsecount="0"/>
      <line num="31" count="1" type="stmt"/>
      <line num="32" count="3" type="cond" truecount="2" falsecount="0"/>
      <line num="33" count="2" type="stmt"/>
      <line num="34" count="1" type="cond" truecount="1" falsecount="1"/>
      <line num="35" count="1" type="stmt"/>
      <line num="39" count="1" type="stmt"/>
    </file>
  </project>
</coverage>
