{"/home/yandere_sr/frontend-project-46/src/utils.js": {"path":"/home/yandere_sr/frontend-project-46/src/utils.js","statementMap":{"0":{"start":{"line":6,"column":19},"end":{"line":6,"column":49}},"1":{"start":{"line":7,"column":18},"end":{"line":7,"column":37}},"2":{"start":{"line":9,"column":23},"end":{"line":9,"column":84}},"3":{"start":{"line":9,"column":37},"end":{"line":9,"column":84}},"4":{"start":{"line":10,"column":24},"end":{"line":10,"column":85}},"5":{"start":{"line":10,"column":38},"end":{"line":10,"column":85}},"6":{"start":{"line":12,"column":23},"end":{"line":40,"column":1}},"7":{"start":{"line":13,"column":24},"end":{"line":13,"column":42}},"8":{"start":{"line":14,"column":24},"end":{"line":14,"column":42}},"9":{"start":{"line":16,"column":33},"end":{"line":16,"column":70}},"10":{"start":{"line":20,"column":26},"end":{"line":20,"column":58}},"11":{"start":{"line":22,"column":15},"end":{"line":22,"column":17}},"12":{"start":{"line":24,"column":2},"end":{"line":37,"column":5}},"13":{"start":{"line":25,"column":4},"end":{"line":36,"column":5}},"14":{"start":{"line":26,"column":6},"end":{"line":26,"column":46}},"15":{"start":{"line":27,"column":11},"end":{"line":36,"column":5}},"16":{"start":{"line":31,"column":6},"end":{"line":31,"column":73}},"17":{"start":{"line":32,"column":11},"end":{"line":36,"column":5}},"18":{"start":{"line":33,"column":6},"end":{"line":33,"column":46}},"19":{"start":{"line":34,"column":11},"end":{"line":36,"column":5}},"20":{"start":{"line":35,"column":6},"end":{"line":35,"column":46}},"21":{"start":{"line":39,"column":2},"end":{"line":39,"column":25}}},"fnMap":{"0":{"name":"(anonymous_0)","decl":{"start":{"line":9,"column":23},"end":{"line":9,"column":24}},"loc":{"start":{"line":9,"column":37},"end":{"line":9,"column":84}},"line":9},"1":{"name":"(anonymous_1)","decl":{"start":{"line":10,"column":24},"end":{"line":10,"column":25}},"loc":{"start":{"line":10,"column":38},"end":{"line":10,"column":85}},"line":10},"2":{"name":"(anonymous_2)","decl":{"start":{"line":12,"column":23},"end":{"line":12,"column":24}},"loc":{"start":{"line":12,"column":41},"end":{"line":40,"column":1}},"line":12},"3":{"name":"(anonymous_3)","decl":{"start":{"line":24,"column":26},"end":{"line":24,"column":27}},"loc":{"start":{"line":24,"column":35},"end":{"line":37,"column":3}},"line":24}},"branchMap":{"0":{"loc":{"start":{"line":25,"column":4},"end":{"line":36,"column":5}},"type":"if","locations":[{"start":{"line":25,"column":4},"end":{"line":36,"column":5}},{"start":{"line":27,"column":11},"end":{"line":36,"column":5}}],"line":25},"1":{"loc":{"start":{"line":27,"column":11},"end":{"line":36,"column":5}},"type":"if","locations":[{"start":{"line":27,"column":11},"end":{"line":36,"column":5}},{"start":{"line":32,"column":11},"end":{"line":36,"column":5}}],"line":27},"2":{"loc":{"start":{"line":28,"column":6},"end":{"line":29,"column":54}},"type":"binary-expr","locations":[{"start":{"line":28,"column":6},"end":{"line":28,"column":54}},{"start":{"line":29,"column":6},"end":{"line":29,"column":54}}],"line":28},"3":{"loc":{"start":{"line":32,"column":11},"end":{"line":36,"column":5}},"type":"if","locations":[{"start":{"line":32,"column":11},"end":{"line":36,"column":5}},{"start":{"line":34,"column":11},"end":{"line":36,"column":5}}],"line":32},"4":{"loc":{"start":{"line":34,"column":11},"end":{"line":36,"column":5}},"type":"if","locations":[{"start":{"line":34,"column":11},"end":{"line":36,"column":5}},{"start":{},"end":{}}],"line":34}},"s":{"0":1,"1":1,"2":1,"3":2,"4":1,"5":2,"6":1,"7":1,"8":1,"9":1,"10":1,"11":1,"12":1,"13":5,"14":1,"15":4,"16":1,"17":3,"18":2,"19":1,"20":1,"21":1},"f":{"0":2,"1":2,"2":1,"3":5},"b":{"0":[1,4],"1":[1,3],"2":[4,3],"3":[2,1],"4":[1,0]},"_coverageSchema":"1a1c01bbd47fc00a2c39e90264f33305004495a9","hash":"c3a95662a683ea7ea1638c368323d9d205dac9df"}
}
