TN:
SF:src/utils.js
FN:9,(anonymous_0)
FN:10,(anonymous_1)
FN:12,(anonymous_2)
FN:24,(anonymous_3)
FNF:4
FNH:4
FNDA:2,(anonymous_0)
FNDA:2,(anonymous_1)
FNDA:1,(anonymous_2)
FNDA:5,(anonymous_3)
DA:6,1
DA:7,1
DA:9,2
DA:10,2
DA:12,1
DA:13,1
DA:14,1
DA:16,1
DA:20,1
DA:22,1
DA:24,1
DA:25,5
DA:26,1
DA:27,4
DA:31,1
DA:32,3
DA:33,2
DA:34,1
DA:35,1
DA:39,1
LF:20
LH:20
BRDA:25,0,0,1
BRDA:25,0,1,4
BRDA:27,1,0,1
BRDA:27,1,1,3
BRDA:28,2,0,4
BRDA:28,2,1,3
BRDA:32,3,0,2
BRDA:32,3,1,1
BRDA:34,4,0,1
BRDA:34,4,1,0
BRF:10
BRH:9
end_of_record
