TN:
SF:src/utils.js
FN:9,(anonymous_0)
FN:11,(anonymous_1)
FN:14,(anonymous_2)
FN:26,(anonymous_3)
FNF:4
FNH:4
FNDA:2,(anonymous_0)
FNDA:2,(anonymous_1)
FNDA:1,(anonymous_2)
FNDA:5,(anonymous_3)
DA:6,1
DA:7,1
DA:9,1
DA:10,2
DA:11,1
DA:12,2
DA:14,1
DA:15,1
DA:16,1
DA:18,1
DA:22,1
DA:24,1
DA:26,1
DA:27,5
DA:28,1
DA:29,4
DA:33,1
DA:34,3
DA:35,2
DA:36,1
DA:37,1
DA:41,1
LF:22
LH:22
BRDA:27,0,0,1
BRDA:27,0,1,4
BRDA:29,1,0,1
BRDA:29,1,1,3
BRDA:30,2,0,4
BRDA:30,2,1,3
BRDA:34,3,0,2
BRDA:34,3,1,1
BRDA:36,4,0,1
BRDA:36,4,1,0
BRF:10
BRH:9
end_of_record
